TN:
SF:script/DeployDSC.s.sol
FN:13,DeployDSC.run
FNDA:6,DeployDSC.run
DA:14,6
DA:16,6
DA:17,6
DA:19,6
DA:20,6
DA:22,6
DA:23,6
DA:24,6
DA:26,6
DA:27,6
DA:29,6
FNF:1
FNH:1
LF:11
LH:11
BRF:0
BRH:0
end_of_record
TN:
SF:script/HelperConfig.s.sol
FN:24,HelperConfig.
FNDA:6,HelperConfig.
DA:25,6
BRDA:25,0,0,-
BRDA:25,0,1,6
DA:26,0
DA:28,6
FN:33,HelperConfig.getSepoliaEthConfig
FNDA:0,HelperConfig.getSepoliaEthConfig
DA:34,0
FN:43,HelperConfig.getOrCreateAnvilEthConfig
FNDA:6,HelperConfig.getOrCreateAnvilEthConfig
DA:44,6
BRDA:44,1,0,-
DA:45,0
DA:48,6
DA:50,6
DA:51,6
DA:53,6
DA:54,6
DA:56,6
DA:58,6
FNF:3
FNH:2
LF:13
LH:10
BRF:3
BRH:1
end_of_record
TN:
SF:src/DSCEngine.sol
FN:80,DSCEngine.moreThanZero
FNDA:0,DSCEngine.moreThanZero
DA:81,0
BRDA:81,0,0,-
DA:82,0
FN:87,DSCEngine.isAllowedToken
FNDA:2,DSCEngine.isAllowedToken
DA:88,2
BRDA:88,1,0,1
DA:89,1
FN:97,DSCEngine.
FNDA:7,DSCEngine.
DA:99,7
BRDA:99,2,0,1
DA:100,1
DA:103,6
DA:104,12
DA:105,12
DA:108,6
FN:121,DSCEngine.depositCollateralAndMintDsc
FNDA:0,DSCEngine.depositCollateralAndMintDsc
DA:127,0
DA:129,0
FN:138,DSCEngine.depositCollateral
FNDA:3,DSCEngine.depositCollateral
DA:144,1
DA:146,1
DA:147,1
BRDA:147,3,0,-
DA:148,0
DA:151,1
FN:161,DSCEngine.redeemCollateralForDsc
FNDA:0,DSCEngine.redeemCollateralForDsc
DA:164,0
DA:165,0
FN:171,DSCEngine.redeemCollateral
FNDA:0,DSCEngine.redeemCollateral
DA:176,0
DA:177,0
FN:185,DSCEngine.mintDsc
FNDA:0,DSCEngine.mintDsc
DA:186,0
DA:188,0
DA:190,0
DA:191,0
BRDA:191,4,0,-
DA:192,0
FN:196,DSCEngine.burnDsc
FNDA:0,DSCEngine.burnDsc
DA:198,0
DA:199,0
FN:211,DSCEngine.liquidate
FNDA:0,DSCEngine.liquidate
DA:213,0
DA:215,0
BRDA:215,5,0,-
DA:216,0
DA:224,0
DA:228,0
DA:229,0
DA:230,0
DA:234,0
DA:236,0
DA:238,0
BRDA:238,6,0,-
DA:239,0
DA:242,0
FN:246,DSCEngine.getHealthFactor
FNDA:0,DSCEngine.getHealthFactor
FN:251,DSCEngine._getAccountInformation
FNDA:1,DSCEngine._getAccountInformation
DA:256,1
DA:257,1
FN:266,DSCEngine._healthFactor
FNDA:0,DSCEngine._healthFactor
DA:270,0
DA:272,0
DA:274,0
FN:277,DSCEngine._revertIfHealthFactorIsBroken
FNDA:0,DSCEngine._revertIfHealthFactorIsBroken
DA:278,0
DA:280,0
BRDA:280,7,0,-
DA:281,0
FN:285,DSCEngine._redeemCollateral
FNDA:0,DSCEngine._redeemCollateral
DA:288,0
DA:289,0
DA:291,0
DA:292,0
BRDA:292,8,0,-
DA:293,0
FN:297,DSCEngine._burnDsc
FNDA:0,DSCEngine._burnDsc
DA:298,0
DA:300,0
DA:302,0
BRDA:302,9,0,-
DA:303,0
DA:306,0
FN:312,DSCEngine.getAccountCollateralValue
FNDA:0,DSCEngine.getAccountCollateralValue
DA:314,1
DA:315,2
DA:316,2
DA:318,2
DA:321,0
FN:324,DSCEngine.getUsdValue
FNDA:1,DSCEngine.getUsdValue
DA:325,3
DA:327,3
DA:329,3
FN:332,DSCEngine.getTokenAmountFromUsd
FNDA:2,DSCEngine.getTokenAmountFromUsd
DA:333,2
DA:335,2
DA:337,2
FN:340,DSCEngine.getAccountInformation
FNDA:1,DSCEngine.getAccountInformation
DA:341,1
FNF:20
FNH:7
LF:70
LH:25
BRF:10
BRH:2
end_of_record
TN:
SF:src/DecentralizedStableCoin.sol
FN:40,DecentralizedStableCoin.
FNDA:6,DecentralizedStableCoin.
FN:42,DecentralizedStableCoin.burn
FNDA:0,DecentralizedStableCoin.burn
DA:43,0
DA:45,0
BRDA:45,0,0,-
DA:46,0
DA:48,0
BRDA:48,1,0,-
DA:49,0
DA:52,0
FN:55,DecentralizedStableCoin.mint
FNDA:0,DecentralizedStableCoin.mint
DA:56,0
BRDA:56,2,0,-
DA:57,0
DA:59,0
BRDA:59,3,0,-
DA:60,0
DA:63,0
DA:64,0
FNF:3
FNH:1
LF:12
LH:0
BRF:4
BRH:0
end_of_record
TN:
SF:test/mocks/MockV3Aggregator.sol
FN:24,MockV3Aggregator.
FNDA:12,MockV3Aggregator.
DA:25,12
DA:26,12
FN:29,MockV3Aggregator.updateAnswer
FNDA:12,MockV3Aggregator.updateAnswer
DA:30,12
DA:31,12
DA:32,12
DA:33,12
DA:34,12
DA:35,12
FN:38,MockV3Aggregator.updateRoundData
FNDA:0,MockV3Aggregator.updateRoundData
DA:39,0
DA:40,0
DA:41,0
DA:42,0
DA:43,0
DA:44,0
FN:47,MockV3Aggregator.getRoundData
FNDA:0,MockV3Aggregator.getRoundData
DA:52,0
FN:55,MockV3Aggregator.latestRoundData
FNDA:5,MockV3Aggregator.latestRoundData
DA:60,5
FN:69,MockV3Aggregator.description
FNDA:0,MockV3Aggregator.description
DA:70,0
FNF:6
FNH:3
LF:17
LH:9
BRF:0
BRH:0
end_of_record
